[      78ms] [INFO] %cDownload the React DevTools for a better development experience: https://reactjs.org/link/react-devtools font-weight:bold @ http://localhost:5174/@fs/Users/bencoughlin/Projects/trivia-os/node_modules/.vite/deps/chunk-GKJBSOWT.js?v=45f81bce:21550
[      86ms] [WARNING] ⚠️ React Router Future Flag Warning: React Router will begin wrapping state updates in `React.startTransition` in v7. You can use the `v7_startTransition` future flag to opt-in early. For more information, see https://reactrouter.com/v6/upgrading/future#v7_starttransition. @ http://localhost:5174/@fs/Users/bencoughlin/Projects/trivia-os/node_modules/.vite/deps/react-router-dom.js?v=45f81bce:4426
[      86ms] [WARNING] ⚠️ React Router Future Flag Warning: Relative route resolution within Splat routes is changing in v7. You can use the `v7_relativeSplatPath` future flag to opt-in early. For more information, see https://reactrouter.com/v6/upgrading/future#v7_relativesplatpath. @ http://localhost:5174/@fs/Users/bencoughlin/Projects/trivia-os/node_modules/.vite/deps/react-router-dom.js?v=45f81bce:4426
[ 1954299ms] [LOG] [vite] server connection lost. Polling for restart... @ http://localhost:5174/@vite/client:559
[ 1954746ms] [INFO] %cDownload the React DevTools for a better development experience: https://reactjs.org/link/react-devtools font-weight:bold @ http://localhost:5174/@fs/Users/bencoughlin/Projects/trivia-os/node_modules/.vite/deps/chunk-GKJBSOWT.js?v=45f81bce:21550
[ 1954782ms] [WARNING] ⚠️ React Router Future Flag Warning: React Router will begin wrapping state updates in `React.startTransition` in v7. You can use the `v7_startTransition` future flag to opt-in early. For more information, see https://reactrouter.com/v6/upgrading/future#v7_starttransition. @ http://localhost:5174/@fs/Users/bencoughlin/Projects/trivia-os/node_modules/.vite/deps/react-router-dom.js?v=45f81bce:4426
[ 1954782ms] [WARNING] ⚠️ React Router Future Flag Warning: Relative route resolution within Splat routes is changing in v7. You can use the `v7_relativeSplatPath` future flag to opt-in early. For more information, see https://reactrouter.com/v6/upgrading/future#v7_relativesplatpath. @ http://localhost:5174/@fs/Users/bencoughlin/Projects/trivia-os/node_modules/.vite/deps/react-router-dom.js?v=45f81bce:4426
[62262350ms] [LOG] [vite] server connection lost. Polling for restart... @ http://localhost:5174/@vite/client:559
[62262974ms] [INFO] %cDownload the React DevTools for a better development experience: https://reactjs.org/link/react-devtools font-weight:bold @ http://localhost:5174/@fs/Users/bencoughlin/Projects/trivia-os/node_modules/.vite/deps/chunk-GKJBSOWT.js?v=45f81bce:21550
[62263111ms] [WARNING] ⚠️ React Router Future Flag Warning: React Router will begin wrapping state updates in `React.startTransition` in v7. You can use the `v7_startTransition` future flag to opt-in early. For more information, see https://reactrouter.com/v6/upgrading/future#v7_starttransition. @ http://localhost:5174/@fs/Users/bencoughlin/Projects/trivia-os/node_modules/.vite/deps/react-router-dom.js?v=45f81bce:4426
[62263111ms] [WARNING] ⚠️ React Router Future Flag Warning: Relative route resolution within Splat routes is changing in v7. You can use the `v7_relativeSplatPath` future flag to opt-in early. For more information, see https://reactrouter.com/v6/upgrading/future#v7_relativesplatpath. @ http://localhost:5174/@fs/Users/bencoughlin/Projects/trivia-os/node_modules/.vite/deps/react-router-dom.js?v=45f81bce:4426
[62792155ms] [INFO] %cDownload the React DevTools for a better development experience: https://reactjs.org/link/react-devtools font-weight:bold @ http://localhost:5174/@fs/Users/bencoughlin/Projects/trivia-os/node_modules/.vite/deps/chunk-GKJBSOWT.js?v=45f81bce:21550
[62792170ms] [WARNING] ⚠️ React Router Future Flag Warning: React Router will begin wrapping state updates in `React.startTransition` in v7. You can use the `v7_startTransition` future flag to opt-in early. For more information, see https://reactrouter.com/v6/upgrading/future#v7_starttransition. @ http://localhost:5174/@fs/Users/bencoughlin/Projects/trivia-os/node_modules/.vite/deps/react-router-dom.js?v=45f81bce:4426
[62792170ms] [WARNING] ⚠️ React Router Future Flag Warning: Relative route resolution within Splat routes is changing in v7. You can use the `v7_relativeSplatPath` future flag to opt-in early. For more information, see https://reactrouter.com/v6/upgrading/future#v7_relativesplatpath. @ http://localhost:5174/@fs/Users/bencoughlin/Projects/trivia-os/node_modules/.vite/deps/react-router-dom.js?v=45f81bce:4426
[64103927ms] [LOG] [vite] server connection lost. Polling for restart... @ http://localhost:5174/@vite/client:559
[64104847ms] [INFO] %cDownload the React DevTools for a better development experience: https://reactjs.org/link/react-devtools font-weight:bold @ http://localhost:5174/@fs/Users/bencoughlin/Projects/trivia-os/node_modules/.vite/deps/chunk-GKJBSOWT.js?v=45f81bce:21550
[64104919ms] [WARNING] ⚠️ React Router Future Flag Warning: React Router will begin wrapping state updates in `React.startTransition` in v7. You can use the `v7_startTransition` future flag to opt-in early. For more information, see https://reactrouter.com/v6/upgrading/future#v7_starttransition. @ http://localhost:5174/@fs/Users/bencoughlin/Projects/trivia-os/node_modules/.vite/deps/react-router-dom.js?v=45f81bce:4426
[64104920ms] [WARNING] ⚠️ React Router Future Flag Warning: Relative route resolution within Splat routes is changing in v7. You can use the `v7_relativeSplatPath` future flag to opt-in early. For more information, see https://reactrouter.com/v6/upgrading/future#v7_relativesplatpath. @ http://localhost:5174/@fs/Users/bencoughlin/Projects/trivia-os/node_modules/.vite/deps/react-router-dom.js?v=45f81bce:4426
[65678484ms] [ERROR] Failed to load resource: the server responded with a status of 500 (Internal Server Error) @ http://localhost:5174/src/components/host/BuildMode.jsx?t=1782331528561:0
[65678484ms] [ERROR] [hmr] Failed to reload /src/components/host/BuildMode.jsx. This could be due to syntax errors or importing non-existent modules. (see errors above) @ http://localhost:5174/@vite/client:175
[65683996ms] [ERROR] Failed to load resource: the server responded with a status of 500 (Internal Server Error) @ http://localhost:5174/src/components/host/BuildMode.jsx?t=1782331534067:0
[65683996ms] [ERROR] [hmr] Failed to reload /src/views/Host.jsx. This could be due to syntax errors or importing non-existent modules. (see errors above) @ http://localhost:5174/@vite/client:175
[65689533ms] [ERROR] Failed to load resource: the server responded with a status of 500 (Internal Server Error) @ http://localhost:5174/src/components/host/BuildMode.jsx?t=1782331539622:0
[65689533ms] [ERROR] [hmr] Failed to reload /src/views/Host.jsx. This could be due to syntax errors or importing non-existent modules. (see errors above) @ http://localhost:5174/@vite/client:175
[66880793ms] [LOG] [vite] server connection lost. Polling for restart... @ http://localhost:5174/@vite/client:559
[66880804ms] [ERROR] Failed to load resource: net::ERR_CONNECTION_REFUSED @ http://localhost:5174/:0
[66882412ms] [INFO] %cDownload the React DevTools for a better development experience: https://reactjs.org/link/react-devtools font-weight:bold @ http://localhost:5174/@fs/Users/bencoughlin/Projects/trivia-os/node_modules/.vite/deps/chunk-GKJBSOWT.js?v=45f81bce:21550
[66882457ms] [WARNING] ⚠️ React Router Future Flag Warning: React Router will begin wrapping state updates in `React.startTransition` in v7. You can use the `v7_startTransition` future flag to opt-in early. For more information, see https://reactrouter.com/v6/upgrading/future#v7_starttransition. @ http://localhost:5174/@fs/Users/bencoughlin/Projects/trivia-os/node_modules/.vite/deps/react-router-dom.js?v=45f81bce:4426
[66882457ms] [WARNING] ⚠️ React Router Future Flag Warning: Relative route resolution within Splat routes is changing in v7. You can use the `v7_relativeSplatPath` future flag to opt-in early. For more information, see https://reactrouter.com/v6/upgrading/future#v7_relativesplatpath. @ http://localhost:5174/@fs/Users/bencoughlin/Projects/trivia-os/node_modules/.vite/deps/react-router-dom.js?v=45f81bce:4426
